0	Bank Select (coarse)
1	Modulation Wheel (coarse)
2	Breath Controller (coarse)
4	Foot Pedal (coarse)
5	Portamento Time (coarse)
6	Data Entry (coarse)
7	Volume (coarse)
8	Balance (coarse)
10	Pan Position (coarse)
11	Expression (coarse)
12	Effect Control 1 (coarse)
13	Effect Control 2 (coarse)
16	General Purpose Slider 1 (coarse)
17	General Purpose Slider 2 (coarse)
18	General Purpose Slider 3 (coarse)
19	General Purpose Slider 4 (coarse)
32	Bank Select (fine)
33	Modulation Wheel (fine)
34	Breath Controller (fine)
36	Foot Pedal (fine)
37	Portamento Time (fine)
38	Data Entry (fine)
39	Volume (fine)
40	Balance (fine)
42	Pan Position (fine)
43	Expression (fine)
44	Effect Control 1 (fine)
45	Effect Control 2 (fine)
48	General Purpose Slider 1 (fine)
49	General Purpose Slider 2 (fine)
50	General Purpose Slider 3 (fine)
51	General Purpose Slider 4 (fine)
64	Damper Pedal (on/off)
65	Portamento (on/off)
66	Sustenuto Pedal (on/off)
67	Soft Pedal (on/off)
68	Legato Footswitch (on/off)
69	Hold 2 (on/off)
70	Sound Variation
71	Sound Timbre
72	Sound Release Time
73	Sound Attack Time
74	Sound Brightness
75	Sound Decay Time
76	Sound Vibrato Rate
77	Sound Vibrato Depth
78	Sound Vibrato Delay
79	Sound Control 10
80	General Purpose Button 1 (on/off)
81	General Purpose Button 2 (on/off)
82	General Purpose Button 3 (on/off)
83	General Purpose Button 4 (on/off)
84	Portamento Control
91	Reverb Send Level
92	Tremulo Depth
93	Chorus Depth
94	Celeste [Detune] Depth
95	Phaser Depth
96	Data Increment
97	Data Decrement
98	Non-registered Parameter (fine)
99	Non-registered Parameter (coarse)
100	Registered Parameter (fine)
101	Registered Parameter (coarse)
120	All Sound Off
121	Reset All Controllers
122	Local Keyboard On/Off
123	All Notes Off
124	Omni Mode Off
125	Omni Mode On
126	Mono Operation
127	Poly Operation